<?xml version="1.0" encoding="UTF-8"?>
<testsuite xmlns:xsi="http://www.w3.org/2001/XMLSchema-instance" xsi:noNamespaceSchemaLocation="https://maven.apache.org/surefire/maven-surefire-plugin/xsd/surefire-test-report-3.0.xsd" version="3.0" name="com.ryotakisse.TalentHunterApplicationTests" time="6.093" tests="1" errors="0" skipped="0" failures="0">
  <properties>
    <property name="java.specification.version" value="17"/>
    <property name="sun.jnu.encoding" value="UTF-8"/>
    <property name="java.class.path" value="/home/kassi/Desktop/Projects/Professionnel-Social-Platform/talent-hunter-back/target/test-classes:/home/kassi/Desktop/Projects/Professionnel-Social-Platform/talent-hunter-back/target/classes:/home/kassi/.m2/repository/org/postgresql/postgresql/42.6.0/postgresql-42.6.0.jar:/home/kassi/.m2/repository/org/checkerframework/checker-qual/3.31.0/checker-qual-3.31.0.jar:/home/kassi/.m2/repository/org/springframework/boot/spring-boot-starter-data-jpa/3.2.0/spring-boot-starter-data-jpa-3.2.0.jar:/home/kassi/.m2/repository/org/springframework/boot/spring-boot-starter-aop/3.2.0/spring-boot-starter-aop-3.2.0.jar:/home/kassi/.m2/repository/org/springframework/spring-aop/6.1.1/spring-aop-6.1.1.jar:/home/kassi/.m2/repository/org/aspectj/aspectjweaver/1.9.20.1/aspectjweaver-1.9.20.1.jar:/home/kassi/.m2/repository/org/springframework/boot/spring-boot-starter-jdbc/3.2.0/spring-boot-starter-jdbc-3.2.0.jar:/home/kassi/.m2/repository/com/zaxxer/HikariCP/5.0.1/HikariCP-5.0.1.jar:/home/kassi/.m2/repository/org/springframework/spring-jdbc/6.1.1/spring-jdbc-6.1.1.jar:/home/kassi/.m2/repository/org/hibernate/orm/hibernate-core/6.3.1.Final/hibernate-core-6.3.1.Final.jar:/home/kassi/.m2/repository/jakarta/persistence/jakarta.persistence-api/3.1.0/jakarta.persistence-api-3.1.0.jar:/home/kassi/.m2/repository/jakarta/transaction/jakarta.transaction-api/2.0.1/jakarta.transaction-api-2.0.1.jar:/home/kassi/.m2/repository/org/jboss/logging/jboss-logging/3.5.3.Final/jboss-logging-3.5.3.Final.jar:/home/kassi/.m2/repository/org/hibernate/common/hibernate-commons-annotations/6.0.6.Final/hibernate-commons-annotations-6.0.6.Final.jar:/home/kassi/.m2/repository/io/smallrye/jandex/3.1.2/jandex-3.1.2.jar:/home/kassi/.m2/repository/com/fasterxml/classmate/1.6.0/classmate-1.6.0.jar:/home/kassi/.m2/repository/net/bytebuddy/byte-buddy/1.14.10/byte-buddy-1.14.10.jar:/home/kassi/.m2/repository/org/glassfish/jaxb/jaxb-runtime/4.0.4/jaxb-runtime-4.0.4.jar:/home/kassi/.m2/repository/org/glassfish/jaxb/jaxb-core/4.0.4/jaxb-core-4.0.4.jar:/home/kassi/.m2/repository/org/eclipse/angus/angus-activation/2.0.1/angus-activation-2.0.1.jar:/home/kassi/.m2/repository/org/glassfish/jaxb/txw2/4.0.4/txw2-4.0.4.jar:/home/kassi/.m2/repository/com/sun/istack/istack-commons-runtime/4.1.2/istack-commons-runtime-4.1.2.jar:/home/kassi/.m2/repository/jakarta/inject/jakarta.inject-api/2.0.1/jakarta.inject-api-2.0.1.jar:/home/kassi/.m2/repository/org/antlr/antlr4-runtime/4.10.1/antlr4-runtime-4.10.1.jar:/home/kassi/.m2/repository/org/springframework/data/spring-data-jpa/3.2.0/spring-data-jpa-3.2.0.jar:/home/kassi/.m2/repository/org/springframework/data/spring-data-commons/3.2.0/spring-data-commons-3.2.0.jar:/home/kassi/.m2/repository/org/springframework/spring-orm/6.1.1/spring-orm-6.1.1.jar:/home/kassi/.m2/repository/org/springframework/spring-context/6.1.1/spring-context-6.1.1.jar:/home/kassi/.m2/repository/org/springframework/spring-tx/6.1.1/spring-tx-6.1.1.jar:/home/kassi/.m2/repository/org/springframework/spring-beans/6.1.1/spring-beans-6.1.1.jar:/home/kassi/.m2/repository/jakarta/annotation/jakarta.annotation-api/2.1.1/jakarta.annotation-api-2.1.1.jar:/home/kassi/.m2/repository/org/slf4j/slf4j-api/2.0.9/slf4j-api-2.0.9.jar:/home/kassi/.m2/repository/org/springframework/spring-aspects/6.1.1/spring-aspects-6.1.1.jar:/home/kassi/.m2/repository/org/springframework/boot/spring-boot-starter-web/3.2.0/spring-boot-starter-web-3.2.0.jar:/home/kassi/.m2/repository/org/springframework/boot/spring-boot-starter/3.2.0/spring-boot-starter-3.2.0.jar:/home/kassi/.m2/repository/org/springframework/boot/spring-boot/3.2.0/spring-boot-3.2.0.jar:/home/kassi/.m2/repository/org/springframework/boot/spring-boot-autoconfigure/3.2.0/spring-boot-autoconfigure-3.2.0.jar:/home/kassi/.m2/repository/org/springframework/boot/spring-boot-starter-logging/3.2.0/spring-boot-starter-logging-3.2.0.jar:/home/kassi/.m2/repository/ch/qos/logback/logback-classic/1.4.11/logback-classic-1.4.11.jar:/home/kassi/.m2/repository/ch/qos/logback/logback-core/1.4.11/logback-core-1.4.11.jar:/home/kassi/.m2/repository/org/apache/logging/log4j/log4j-to-slf4j/2.21.1/log4j-to-slf4j-2.21.1.jar:/home/kassi/.m2/repository/org/apache/logging/log4j/log4j-api/2.21.1/log4j-api-2.21.1.jar:/home/kassi/.m2/repository/org/slf4j/jul-to-slf4j/2.0.9/jul-to-slf4j-2.0.9.jar:/home/kassi/.m2/repository/org/yaml/snakeyaml/2.2/snakeyaml-2.2.jar:/home/kassi/.m2/repository/org/springframework/boot/spring-boot-starter-json/3.2.0/spring-boot-starter-json-3.2.0.jar:/home/kassi/.m2/repository/com/fasterxml/jackson/core/jackson-databind/2.15.3/jackson-databind-2.15.3.jar:/home/kassi/.m2/repository/com/fasterxml/jackson/core/jackson-annotations/2.15.3/jackson-annotations-2.15.3.jar:/home/kassi/.m2/repository/com/fasterxml/jackson/core/jackson-core/2.15.3/jackson-core-2.15.3.jar:/home/kassi/.m2/repository/com/fasterxml/jackson/datatype/jackson-datatype-jdk8/2.15.3/jackson-datatype-jdk8-2.15.3.jar:/home/kassi/.m2/repository/com/fasterxml/jackson/datatype/jackson-datatype-jsr310/2.15.3/jackson-datatype-jsr310-2.15.3.jar:/home/kassi/.m2/repository/com/fasterxml/jackson/module/jackson-module-parameter-names/2.15.3/jackson-module-parameter-names-2.15.3.jar:/home/kassi/.m2/repository/org/springframework/boot/spring-boot-starter-tomcat/3.2.0/spring-boot-starter-tomcat-3.2.0.jar:/home/kassi/.m2/repository/org/apache/tomcat/embed/tomcat-embed-core/10.1.16/tomcat-embed-core-10.1.16.jar:/home/kassi/.m2/repository/org/apache/tomcat/embed/tomcat-embed-el/10.1.16/tomcat-embed-el-10.1.16.jar:/home/kassi/.m2/repository/org/apache/tomcat/embed/tomcat-embed-websocket/10.1.16/tomcat-embed-websocket-10.1.16.jar:/home/kassi/.m2/repository/org/springframework/spring-web/6.1.1/spring-web-6.1.1.jar:/home/kassi/.m2/repository/io/micrometer/micrometer-observation/1.12.0/micrometer-observation-1.12.0.jar:/home/kassi/.m2/repository/io/micrometer/micrometer-commons/1.12.0/micrometer-commons-1.12.0.jar:/home/kassi/.m2/repository/org/springframework/spring-webmvc/6.1.1/spring-webmvc-6.1.1.jar:/home/kassi/.m2/repository/org/springframework/spring-expression/6.1.1/spring-expression-6.1.1.jar:/home/kassi/.m2/repository/org/springframework/boot/spring-boot-starter-test/3.2.0/spring-boot-starter-test-3.2.0.jar:/home/kassi/.m2/repository/org/springframework/boot/spring-boot-test/3.2.0/spring-boot-test-3.2.0.jar:/home/kassi/.m2/repository/org/springframework/boot/spring-boot-test-autoconfigure/3.2.0/spring-boot-test-autoconfigure-3.2.0.jar:/home/kassi/.m2/repository/com/jayway/jsonpath/json-path/2.8.0/json-path-2.8.0.jar:/home/kassi/.m2/repository/jakarta/xml/bind/jakarta.xml.bind-api/4.0.1/jakarta.xml.bind-api-4.0.1.jar:/home/kassi/.m2/repository/jakarta/activation/jakarta.activation-api/2.1.2/jakarta.activation-api-2.1.2.jar:/home/kassi/.m2/repository/net/minidev/json-smart/2.5.0/json-smart-2.5.0.jar:/home/kassi/.m2/repository/net/minidev/accessors-smart/2.5.0/accessors-smart-2.5.0.jar:/home/kassi/.m2/repository/org/ow2/asm/asm/9.3/asm-9.3.jar:/home/kassi/.m2/repository/org/assertj/assertj-core/3.24.2/assertj-core-3.24.2.jar:/home/kassi/.m2/repository/org/awaitility/awaitility/4.2.0/awaitility-4.2.0.jar:/home/kassi/.m2/repository/org/hamcrest/hamcrest/2.2/hamcrest-2.2.jar:/home/kassi/.m2/repository/org/junit/jupiter/junit-jupiter/5.10.1/junit-jupiter-5.10.1.jar:/home/kassi/.m2/repository/org/junit/jupiter/junit-jupiter-api/5.10.1/junit-jupiter-api-5.10.1.jar:/home/kassi/.m2/repository/org/opentest4j/opentest4j/1.3.0/opentest4j-1.3.0.jar:/home/kassi/.m2/repository/org/junit/platform/junit-platform-commons/1.10.1/junit-platform-commons-1.10.1.jar:/home/kassi/.m2/repository/org/apiguardian/apiguardian-api/1.1.2/apiguardian-api-1.1.2.jar:/home/kassi/.m2/repository/org/junit/jupiter/junit-jupiter-params/5.10.1/junit-jupiter-params-5.10.1.jar:/home/kassi/.m2/repository/org/junit/jupiter/junit-jupiter-engine/5.10.1/junit-jupiter-engine-5.10.1.jar:/home/kassi/.m2/repository/org/junit/platform/junit-platform-engine/1.10.1/junit-platform-engine-1.10.1.jar:/home/kassi/.m2/repository/org/mockito/mockito-core/5.7.0/mockito-core-5.7.0.jar:/home/kassi/.m2/repository/net/bytebuddy/byte-buddy-agent/1.14.10/byte-buddy-agent-1.14.10.jar:/home/kassi/.m2/repository/org/objenesis/objenesis/3.3/objenesis-3.3.jar:/home/kassi/.m2/repository/org/mockito/mockito-junit-jupiter/5.7.0/mockito-junit-jupiter-5.7.0.jar:/home/kassi/.m2/repository/org/skyscreamer/jsonassert/1.5.1/jsonassert-1.5.1.jar:/home/kassi/.m2/repository/com/vaadin/external/google/android-json/0.0.20131108.vaadin1/android-json-0.0.20131108.vaadin1.jar:/home/kassi/.m2/repository/org/springframework/spring-core/6.1.1/spring-core-6.1.1.jar:/home/kassi/.m2/repository/org/springframework/spring-jcl/6.1.1/spring-jcl-6.1.1.jar:/home/kassi/.m2/repository/org/springframework/spring-test/6.1.1/spring-test-6.1.1.jar:/home/kassi/.m2/repository/org/xmlunit/xmlunit-core/2.9.1/xmlunit-core-2.9.1.jar:"/>
    <property name="java.vm.vendor" value="Oracle Corporation"/>
    <property name="sun.arch.data.model" value="64"/>
    <property name="java.vendor.url" value="https://java.oracle.com/"/>
    <property name="user.timezone" value="Europe/Paris"/>
    <property name="org.jboss.logging.provider" value="slf4j"/>
    <property name="os.name" value="Linux"/>
    <property name="java.vm.specification.version" value="17"/>
    <property name="sun.java.launcher" value="SUN_STANDARD"/>
    <property name="user.country" value="US"/>
    <property name="sun.boot.library.path" value="/usr/lib/jvm/java-17-oracle/lib"/>
    <property name="sun.java.command" value="/home/kassi/Desktop/Projects/Professionnel-Social-Platform/talent-hunter-back/target/surefire/surefirebooter-20240105191610472_3.jar /home/kassi/Desktop/Projects/Professionnel-Social-Platform/talent-hunter-back/target/surefire 2024-01-05T19-16-10_368-jvmRun1 surefire-20240105191610472_1tmp surefire_0-20240105191610472_2tmp"/>
    <property name="jdk.debug" value="release"/>
    <property name="surefire.test.class.path" value="/home/kassi/Desktop/Projects/Professionnel-Social-Platform/talent-hunter-back/target/test-classes:/home/kassi/Desktop/Projects/Professionnel-Social-Platform/talent-hunter-back/target/classes:/home/kassi/.m2/repository/org/postgresql/postgresql/42.6.0/postgresql-42.6.0.jar:/home/kassi/.m2/repository/org/checkerframework/checker-qual/3.31.0/checker-qual-3.31.0.jar:/home/kassi/.m2/repository/org/springframework/boot/spring-boot-starter-data-jpa/3.2.0/spring-boot-starter-data-jpa-3.2.0.jar:/home/kassi/.m2/repository/org/springframework/boot/spring-boot-starter-aop/3.2.0/spring-boot-starter-aop-3.2.0.jar:/home/kassi/.m2/repository/org/springframework/spring-aop/6.1.1/spring-aop-6.1.1.jar:/home/kassi/.m2/repository/org/aspectj/aspectjweaver/1.9.20.1/aspectjweaver-1.9.20.1.jar:/home/kassi/.m2/repository/org/springframework/boot/spring-boot-starter-jdbc/3.2.0/spring-boot-starter-jdbc-3.2.0.jar:/home/kassi/.m2/repository/com/zaxxer/HikariCP/5.0.1/HikariCP-5.0.1.jar:/home/kassi/.m2/repository/org/springframework/spring-jdbc/6.1.1/spring-jdbc-6.1.1.jar:/home/kassi/.m2/repository/org/hibernate/orm/hibernate-core/6.3.1.Final/hibernate-core-6.3.1.Final.jar:/home/kassi/.m2/repository/jakarta/persistence/jakarta.persistence-api/3.1.0/jakarta.persistence-api-3.1.0.jar:/home/kassi/.m2/repository/jakarta/transaction/jakarta.transaction-api/2.0.1/jakarta.transaction-api-2.0.1.jar:/home/kassi/.m2/repository/org/jboss/logging/jboss-logging/3.5.3.Final/jboss-logging-3.5.3.Final.jar:/home/kassi/.m2/repository/org/hibernate/common/hibernate-commons-annotations/6.0.6.Final/hibernate-commons-annotations-6.0.6.Final.jar:/home/kassi/.m2/repository/io/smallrye/jandex/3.1.2/jandex-3.1.2.jar:/home/kassi/.m2/repository/com/fasterxml/classmate/1.6.0/classmate-1.6.0.jar:/home/kassi/.m2/repository/net/bytebuddy/byte-buddy/1.14.10/byte-buddy-1.14.10.jar:/home/kassi/.m2/repository/org/glassfish/jaxb/jaxb-runtime/4.0.4/jaxb-runtime-4.0.4.jar:/home/kassi/.m2/repository/org/glassfish/jaxb/jaxb-core/4.0.4/jaxb-core-4.0.4.jar:/home/kassi/.m2/repository/org/eclipse/angus/angus-activation/2.0.1/angus-activation-2.0.1.jar:/home/kassi/.m2/repository/org/glassfish/jaxb/txw2/4.0.4/txw2-4.0.4.jar:/home/kassi/.m2/repository/com/sun/istack/istack-commons-runtime/4.1.2/istack-commons-runtime-4.1.2.jar:/home/kassi/.m2/repository/jakarta/inject/jakarta.inject-api/2.0.1/jakarta.inject-api-2.0.1.jar:/home/kassi/.m2/repository/org/antlr/antlr4-runtime/4.10.1/antlr4-runtime-4.10.1.jar:/home/kassi/.m2/repository/org/springframework/data/spring-data-jpa/3.2.0/spring-data-jpa-3.2.0.jar:/home/kassi/.m2/repository/org/springframework/data/spring-data-commons/3.2.0/spring-data-commons-3.2.0.jar:/home/kassi/.m2/repository/org/springframework/spring-orm/6.1.1/spring-orm-6.1.1.jar:/home/kassi/.m2/repository/org/springframework/spring-context/6.1.1/spring-context-6.1.1.jar:/home/kassi/.m2/repository/org/springframework/spring-tx/6.1.1/spring-tx-6.1.1.jar:/home/kassi/.m2/repository/org/springframework/spring-beans/6.1.1/spring-beans-6.1.1.jar:/home/kassi/.m2/repository/jakarta/annotation/jakarta.annotation-api/2.1.1/jakarta.annotation-api-2.1.1.jar:/home/kassi/.m2/repository/org/slf4j/slf4j-api/2.0.9/slf4j-api-2.0.9.jar:/home/kassi/.m2/repository/org/springframework/spring-aspects/6.1.1/spring-aspects-6.1.1.jar:/home/kassi/.m2/repository/org/springframework/boot/spring-boot-starter-web/3.2.0/spring-boot-starter-web-3.2.0.jar:/home/kassi/.m2/repository/org/springframework/boot/spring-boot-starter/3.2.0/spring-boot-starter-3.2.0.jar:/home/kassi/.m2/repository/org/springframework/boot/spring-boot/3.2.0/spring-boot-3.2.0.jar:/home/kassi/.m2/repository/org/springframework/boot/spring-boot-autoconfigure/3.2.0/spring-boot-autoconfigure-3.2.0.jar:/home/kassi/.m2/repository/org/springframework/boot/spring-boot-starter-logging/3.2.0/spring-boot-starter-logging-3.2.0.jar:/home/kassi/.m2/repository/ch/qos/logback/logback-classic/1.4.11/logback-classic-1.4.11.jar:/home/kassi/.m2/repository/ch/qos/logback/logback-core/1.4.11/logback-core-1.4.11.jar:/home/kassi/.m2/repository/org/apache/logging/log4j/log4j-to-slf4j/2.21.1/log4j-to-slf4j-2.21.1.jar:/home/kassi/.m2/repository/org/apache/logging/log4j/log4j-api/2.21.1/log4j-api-2.21.1.jar:/home/kassi/.m2/repository/org/slf4j/jul-to-slf4j/2.0.9/jul-to-slf4j-2.0.9.jar:/home/kassi/.m2/repository/org/yaml/snakeyaml/2.2/snakeyaml-2.2.jar:/home/kassi/.m2/repository/org/springframework/boot/spring-boot-starter-json/3.2.0/spring-boot-starter-json-3.2.0.jar:/home/kassi/.m2/repository/com/fasterxml/jackson/core/jackson-databind/2.15.3/jackson-databind-2.15.3.jar:/home/kassi/.m2/repository/com/fasterxml/jackson/core/jackson-annotations/2.15.3/jackson-annotations-2.15.3.jar:/home/kassi/.m2/repository/com/fasterxml/jackson/core/jackson-core/2.15.3/jackson-core-2.15.3.jar:/home/kassi/.m2/repository/com/fasterxml/jackson/datatype/jackson-datatype-jdk8/2.15.3/jackson-datatype-jdk8-2.15.3.jar:/home/kassi/.m2/repository/com/fasterxml/jackson/datatype/jackson-datatype-jsr310/2.15.3/jackson-datatype-jsr310-2.15.3.jar:/home/kassi/.m2/repository/com/fasterxml/jackson/module/jackson-module-parameter-names/2.15.3/jackson-module-parameter-names-2.15.3.jar:/home/kassi/.m2/repository/org/springframework/boot/spring-boot-starter-tomcat/3.2.0/spring-boot-starter-tomcat-3.2.0.jar:/home/kassi/.m2/repository/org/apache/tomcat/embed/tomcat-embed-core/10.1.16/tomcat-embed-core-10.1.16.jar:/home/kassi/.m2/repository/org/apache/tomcat/embed/tomcat-embed-el/10.1.16/tomcat-embed-el-10.1.16.jar:/home/kassi/.m2/repository/org/apache/tomcat/embed/tomcat-embed-websocket/10.1.16/tomcat-embed-websocket-10.1.16.jar:/home/kassi/.m2/repository/org/springframework/spring-web/6.1.1/spring-web-6.1.1.jar:/home/kassi/.m2/repository/io/micrometer/micrometer-observation/1.12.0/micrometer-observation-1.12.0.jar:/home/kassi/.m2/repository/io/micrometer/micrometer-commons/1.12.0/micrometer-commons-1.12.0.jar:/home/kassi/.m2/repository/org/springframework/spring-webmvc/6.1.1/spring-webmvc-6.1.1.jar:/home/kassi/.m2/repository/org/springframework/spring-expression/6.1.1/spring-expression-6.1.1.jar:/home/kassi/.m2/repository/org/springframework/boot/spring-boot-starter-test/3.2.0/spring-boot-starter-test-3.2.0.jar:/home/kassi/.m2/repository/org/springframework/boot/spring-boot-test/3.2.0/spring-boot-test-3.2.0.jar:/home/kassi/.m2/repository/org/springframework/boot/spring-boot-test-autoconfigure/3.2.0/spring-boot-test-autoconfigure-3.2.0.jar:/home/kassi/.m2/repository/com/jayway/jsonpath/json-path/2.8.0/json-path-2.8.0.jar:/home/kassi/.m2/repository/jakarta/xml/bind/jakarta.xml.bind-api/4.0.1/jakarta.xml.bind-api-4.0.1.jar:/home/kassi/.m2/repository/jakarta/activation/jakarta.activation-api/2.1.2/jakarta.activation-api-2.1.2.jar:/home/kassi/.m2/repository/net/minidev/json-smart/2.5.0/json-smart-2.5.0.jar:/home/kassi/.m2/repository/net/minidev/accessors-smart/2.5.0/accessors-smart-2.5.0.jar:/home/kassi/.m2/repository/org/ow2/asm/asm/9.3/asm-9.3.jar:/home/kassi/.m2/repository/org/assertj/assertj-core/3.24.2/assertj-core-3.24.2.jar:/home/kassi/.m2/repository/org/awaitility/awaitility/4.2.0/awaitility-4.2.0.jar:/home/kassi/.m2/repository/org/hamcrest/hamcrest/2.2/hamcrest-2.2.jar:/home/kassi/.m2/repository/org/junit/jupiter/junit-jupiter/5.10.1/junit-jupiter-5.10.1.jar:/home/kassi/.m2/repository/org/junit/jupiter/junit-jupiter-api/5.10.1/junit-jupiter-api-5.10.1.jar:/home/kassi/.m2/repository/org/opentest4j/opentest4j/1.3.0/opentest4j-1.3.0.jar:/home/kassi/.m2/repository/org/junit/platform/junit-platform-commons/1.10.1/junit-platform-commons-1.10.1.jar:/home/kassi/.m2/repository/org/apiguardian/apiguardian-api/1.1.2/apiguardian-api-1.1.2.jar:/home/kassi/.m2/repository/org/junit/jupiter/junit-jupiter-params/5.10.1/junit-jupiter-params-5.10.1.jar:/home/kassi/.m2/repository/org/junit/jupiter/junit-jupiter-engine/5.10.1/junit-jupiter-engine-5.10.1.jar:/home/kassi/.m2/repository/org/junit/platform/junit-platform-engine/1.10.1/junit-platform-engine-1.10.1.jar:/home/kassi/.m2/repository/org/mockito/mockito-core/5.7.0/mockito-core-5.7.0.jar:/home/kassi/.m2/repository/net/bytebuddy/byte-buddy-agent/1.14.10/byte-buddy-agent-1.14.10.jar:/home/kassi/.m2/repository/org/objenesis/objenesis/3.3/objenesis-3.3.jar:/home/kassi/.m2/repository/org/mockito/mockito-junit-jupiter/5.7.0/mockito-junit-jupiter-5.7.0.jar:/home/kassi/.m2/repository/org/skyscreamer/jsonassert/1.5.1/jsonassert-1.5.1.jar:/home/kassi/.m2/repository/com/vaadin/external/google/android-json/0.0.20131108.vaadin1/android-json-0.0.20131108.vaadin1.jar:/home/kassi/.m2/repository/org/springframework/spring-core/6.1.1/spring-core-6.1.1.jar:/home/kassi/.m2/repository/org/springframework/spring-jcl/6.1.1/spring-jcl-6.1.1.jar:/home/kassi/.m2/repository/org/springframework/spring-test/6.1.1/spring-test-6.1.1.jar:/home/kassi/.m2/repository/org/xmlunit/xmlunit-core/2.9.1/xmlunit-core-2.9.1.jar:"/>
    <property name="sun.cpu.endian" value="little"/>
    <property name="user.home" value="/home/kassi"/>
    <property name="user.language" value="en"/>
    <property name="java.specification.vendor" value="Oracle Corporation"/>
    <property name="java.version.date" value="2023-01-17"/>
    <property name="java.home" value="/usr/lib/jvm/java-17-oracle"/>
    <property name="file.separator" value="/"/>
    <property name="basedir" value="/home/kassi/Desktop/Projects/Professionnel-Social-Platform/talent-hunter-back"/>
    <property name="java.vm.compressedOopsMode" value="Zero based"/>
    <property name="line.separator" value="&#10;"/>
    <property name="java.specification.name" value="Java Platform API Specification"/>
    <property name="java.vm.specification.vendor" value="Oracle Corporation"/>
    <property name="FILE_LOG_CHARSET" value="UTF-8"/>
    <property name="java.awt.headless" value="true"/>
    <property name="surefire.real.class.path" value="/home/kassi/Desktop/Projects/Professionnel-Social-Platform/talent-hunter-back/target/surefire/surefirebooter-20240105191610472_3.jar"/>
    <property name="sun.management.compiler" value="HotSpot 64-Bit Tiered Compilers"/>
    <property name="java.runtime.version" value="17.0.6+9-LTS-190"/>
    <property name="user.name" value="kassi"/>
    <property name="path.separator" value=":"/>
    <property name="os.version" value="6.2.0-39-generic"/>
    <property name="java.runtime.name" value="Java(TM) SE Runtime Environment"/>
    <property name="file.encoding" value="UTF-8"/>
    <property name="java.vm.name" value="Java HotSpot(TM) 64-Bit Server VM"/>
    <property name="localRepository" value="/home/kassi/.m2/repository"/>
    <property name="java.vendor.url.bug" value="https://bugreport.java.com/bugreport/"/>
    <property name="java.io.tmpdir" value="/tmp"/>
    <property name="idea.version" value="2023.1"/>
    <property name="com.zaxxer.hikari.pool_number" value="1"/>
    <property name="java.version" value="17.0.6"/>
    <property name="user.dir" value="/home/kassi/Desktop/Projects/Professionnel-Social-Platform/talent-hunter-back"/>
    <property name="os.arch" value="amd64"/>
    <property name="java.vm.specification.name" value="Java Virtual Machine Specification"/>
    <property name="PID" value="579057"/>
    <property name="CONSOLE_LOG_CHARSET" value="UTF-8"/>
    <property name="native.encoding" value="UTF-8"/>
    <property name="java.library.path" value="/usr/java/packages/lib:/usr/lib64:/lib64:/lib:/usr/lib"/>
    <property name="java.vm.info" value="mixed mode, sharing"/>
    <property name="java.vendor" value="Oracle Corporation"/>
    <property name="java.vm.version" value="17.0.6+9-LTS-190"/>
    <property name="sun.io.unicode.encoding" value="UnicodeLittle"/>
    <property name="java.class.version" value="61.0"/>
  </properties>
  <testcase name="contextLoads" classname="com.ryotakisse.TalentHunterApplicationTests" time="0.604">
    <system-out><![CDATA[19:16:11.417 [main] INFO org.springframework.test.context.support.AnnotationConfigContextLoaderUtils -- Could not detect default configuration classes for test class [com.ryotakisse.TalentHunterApplicationTests]: TalentHunterApplicationTests does not declare any static, non-private, non-final, nested classes annotated with @Configuration.
19:16:11.575 [main] INFO org.springframework.boot.test.context.SpringBootTestContextBootstrapper -- Found @SpringBootConfiguration com.ryotakisse.TalentHunterApplication for test class com.ryotakisse.TalentHunterApplicationTests

  .   ____          _            __ _ _
 /\\ / ___'_ __ _ _(_)_ __  __ _ \ \ \ \
( ( )\___ | '_ | '_| | '_ \/ _` | \ \ \ \
 \\/  ___)| |_)| | | | | || (_| |  ) ) ) )
  '  |____| .__|_| |_|_| |_\__, | / / / /
 =========|_|==============|___/=/_/_/_/
 :: Spring Boot ::                (v3.2.0)

2024-01-05T19:16:12.174+01:00  INFO 579057 --- [           main] c.r.TalentHunterApplicationTests         : Starting TalentHunterApplicationTests using Java 17.0.6 with PID 579057 (started by kassi in /home/kassi/Desktop/Projects/Professionnel-Social-Platform/talent-hunter-back)
2024-01-05T19:16:12.176+01:00  INFO 579057 --- [           main] c.r.TalentHunterApplicationTests         : No active profile set, falling back to 1 default profile: "default"
2024-01-05T19:16:12.943+01:00  INFO 579057 --- [           main] .s.d.r.c.RepositoryConfigurationDelegate : Bootstrapping Spring Data JPA repositories in DEFAULT mode.
2024-01-05T19:16:13.019+01:00  INFO 579057 --- [           main] .s.d.r.c.RepositoryConfigurationDelegate : Finished Spring Data repository scanning in 67 ms. Found 2 JPA repository interfaces.
2024-01-05T19:16:13.519+01:00  INFO 579057 --- [           main] o.hibernate.jpa.internal.util.LogHelper  : HHH000204: Processing PersistenceUnitInfo [name: default]
2024-01-05T19:16:13.578+01:00  INFO 579057 --- [           main] org.hibernate.Version                    : HHH000412: Hibernate ORM core version 6.3.1.Final
2024-01-05T19:16:13.617+01:00  INFO 579057 --- [           main] o.h.c.internal.RegionFactoryInitiator    : HHH000026: Second-level cache disabled
2024-01-05T19:16:13.894+01:00  INFO 579057 --- [           main] o.s.o.j.p.SpringPersistenceUnitInfo      : No LoadTimeWeaver setup: ignoring JPA class transformer
2024-01-05T19:16:13.926+01:00  INFO 579057 --- [           main] com.zaxxer.hikari.HikariDataSource       : HikariPool-1 - Starting...
2024-01-05T19:16:14.297+01:00  INFO 579057 --- [           main] com.zaxxer.hikari.pool.HikariPool        : HikariPool-1 - Added connection org.postgresql.jdbc.PgConnection@4a9b3956
2024-01-05T19:16:14.299+01:00  INFO 579057 --- [           main] com.zaxxer.hikari.HikariDataSource       : HikariPool-1 - Start completed.
2024-01-05T19:16:14.340+01:00  WARN 579057 --- [           main] org.hibernate.orm.deprecation            : HHH90000025: PostgreSQLDialect does not need to be specified explicitly using 'hibernate.dialect' (remove the property setting and it will be selected by default)
2024-01-05T19:16:15.433+01:00  INFO 579057 --- [           main] o.h.e.t.j.p.i.JtaPlatformInitiator       : HHH000489: No JTA platform available (set 'hibernate.transaction.jta.platform' to enable JTA platform integration)
Hibernate: 
    alter table if exists job_offer_candidates 
       drop constraint if exists FKh0b47p5ayyh3iqllef502gm91
2024-01-05T19:16:15.456+01:00  WARN 579057 --- [           main] o.h.engine.jdbc.spi.SqlExceptionHelper   : SQL Warning Code: 0, SQLState: 00000
2024-01-05T19:16:15.457+01:00  WARN 579057 --- [           main] o.h.engine.jdbc.spi.SqlExceptionHelper   : relation "job_offer_candidates" does not exist, skipping
Hibernate: 
    alter table if exists job_offer_candidates 
       drop constraint if exists FKihfdckmnu5fxlwiuyq4k9qp5f
2024-01-05T19:16:15.458+01:00  WARN 579057 --- [           main] o.h.engine.jdbc.spi.SqlExceptionHelper   : SQL Warning Code: 0, SQLState: 00000
2024-01-05T19:16:15.458+01:00  WARN 579057 --- [           main] o.h.engine.jdbc.spi.SqlExceptionHelper   : relation "job_offer_candidates" does not exist, skipping
Hibernate: 
    alter table if exists platform_user_applied_jobs 
       drop constraint if exists FK5ru5pws9fx030u4thxvuqtj8j
2024-01-05T19:16:15.460+01:00  WARN 579057 --- [           main] o.h.engine.jdbc.spi.SqlExceptionHelper   : SQL Warning Code: 0, SQLState: 00000
2024-01-05T19:16:15.460+01:00  WARN 579057 --- [           main] o.h.engine.jdbc.spi.SqlExceptionHelper   : relation "platform_user_applied_jobs" does not exist, skipping
Hibernate: 
    alter table if exists platform_user_applied_jobs 
       drop constraint if exists FKaw2sbbnpvu205dvwochfwvgia
2024-01-05T19:16:15.461+01:00  WARN 579057 --- [           main] o.h.engine.jdbc.spi.SqlExceptionHelper   : SQL Warning Code: 0, SQLState: 00000
2024-01-05T19:16:15.461+01:00  WARN 579057 --- [           main] o.h.engine.jdbc.spi.SqlExceptionHelper   : relation "platform_user_applied_jobs" does not exist, skipping
Hibernate: 
    alter table if exists platform_user_created_jobs 
       drop constraint if exists FK7rpoxceenfkktwshn9cv6wdoq
2024-01-05T19:16:15.462+01:00  WARN 579057 --- [           main] o.h.engine.jdbc.spi.SqlExceptionHelper   : SQL Warning Code: 0, SQLState: 00000
2024-01-05T19:16:15.462+01:00  WARN 579057 --- [           main] o.h.engine.jdbc.spi.SqlExceptionHelper   : relation "platform_user_created_jobs" does not exist, skipping
Hibernate: 
    alter table if exists platform_user_created_jobs 
       drop constraint if exists FKf787jtde0tbfkwh2x65y1hr4b
2024-01-05T19:16:15.463+01:00  WARN 579057 --- [           main] o.h.engine.jdbc.spi.SqlExceptionHelper   : SQL Warning Code: 0, SQLState: 00000
2024-01-05T19:16:15.464+01:00  WARN 579057 --- [           main] o.h.engine.jdbc.spi.SqlExceptionHelper   : relation "platform_user_created_jobs" does not exist, skipping
Hibernate: 
    drop table if exists job_offer cascade
2024-01-05T19:16:15.465+01:00  WARN 579057 --- [           main] o.h.engine.jdbc.spi.SqlExceptionHelper   : SQL Warning Code: 0, SQLState: 00000
2024-01-05T19:16:15.465+01:00  WARN 579057 --- [           main] o.h.engine.jdbc.spi.SqlExceptionHelper   : table "job_offer" does not exist, skipping
Hibernate: 
    drop table if exists job_offer_candidates cascade
2024-01-05T19:16:15.466+01:00  WARN 579057 --- [           main] o.h.engine.jdbc.spi.SqlExceptionHelper   : SQL Warning Code: 0, SQLState: 00000
2024-01-05T19:16:15.466+01:00  WARN 579057 --- [           main] o.h.engine.jdbc.spi.SqlExceptionHelper   : table "job_offer_candidates" does not exist, skipping
Hibernate: 
    drop table if exists platform_user cascade
2024-01-05T19:16:15.467+01:00  WARN 579057 --- [           main] o.h.engine.jdbc.spi.SqlExceptionHelper   : SQL Warning Code: 0, SQLState: 00000
2024-01-05T19:16:15.468+01:00  WARN 579057 --- [           main] o.h.engine.jdbc.spi.SqlExceptionHelper   : table "platform_user" does not exist, skipping
Hibernate: 
    drop table if exists platform_user_applied_jobs cascade
2024-01-05T19:16:15.469+01:00  WARN 579057 --- [           main] o.h.engine.jdbc.spi.SqlExceptionHelper   : SQL Warning Code: 0, SQLState: 00000
2024-01-05T19:16:15.469+01:00  WARN 579057 --- [           main] o.h.engine.jdbc.spi.SqlExceptionHelper   : table "platform_user_applied_jobs" does not exist, skipping
Hibernate: 
    drop table if exists platform_user_created_jobs cascade
2024-01-05T19:16:15.470+01:00  WARN 579057 --- [           main] o.h.engine.jdbc.spi.SqlExceptionHelper   : SQL Warning Code: 0, SQLState: 00000
2024-01-05T19:16:15.470+01:00  WARN 579057 --- [           main] o.h.engine.jdbc.spi.SqlExceptionHelper   : table "platform_user_created_jobs" does not exist, skipping
Hibernate: 
    drop sequence if exists offer_id_sequence
2024-01-05T19:16:15.471+01:00  WARN 579057 --- [           main] o.h.engine.jdbc.spi.SqlExceptionHelper   : SQL Warning Code: 0, SQLState: 00000
2024-01-05T19:16:15.472+01:00  WARN 579057 --- [           main] o.h.engine.jdbc.spi.SqlExceptionHelper   : sequence "offer_id_sequence" does not exist, skipping
Hibernate: 
    drop sequence if exists user_id_sequence
2024-01-05T19:16:15.472+01:00  WARN 579057 --- [           main] o.h.engine.jdbc.spi.SqlExceptionHelper   : SQL Warning Code: 0, SQLState: 00000
2024-01-05T19:16:15.473+01:00  WARN 579057 --- [           main] o.h.engine.jdbc.spi.SqlExceptionHelper   : sequence "user_id_sequence" does not exist, skipping
Hibernate: 
    create sequence offer_id_sequence start with 1 increment by 1
Hibernate: 
    create sequence user_id_sequence start with 1 increment by 1
Hibernate: 
    create table job_offer (
        id integer not null,
        date timestamp(6),
        creator varchar(255),
        description varchar(255),
        location varchar(255),
        salary varchar(255),
        title varchar(255),
        type varchar(255),
        primary key (id)
    )
Hibernate: 
    create table job_offer_candidates (
        candidates_id integer not null,
        job_offer_id integer not null,
        primary key (candidates_id, job_offer_id)
    )
Hibernate: 
    create table platform_user (
        id integer not null,
        contact_information varchar(255),
        education varchar(255),
        email varchar(255),
        gender varchar(255) check (gender in ('MALE','FEMALE')),
        password varchar(255),
        personal_information varchar(255),
        skills varchar(255),
        user_type varchar(255) check (user_type in ('Candidate','Recruiter')),
        username varchar(255),
        work_experience varchar(255),
        primary key (id)
    )
Hibernate: 
    create table platform_user_applied_jobs (
        applied_jobs_id integer not null,
        user_id integer not null,
        primary key (applied_jobs_id, user_id)
    )
Hibernate: 
    create table platform_user_created_jobs (
        created_jobs_id integer not null unique,
        user_id integer not null,
        primary key (created_jobs_id, user_id)
    )
Hibernate: 
    alter table if exists job_offer_candidates 
       add constraint FKh0b47p5ayyh3iqllef502gm91 
       foreign key (candidates_id) 
       references platform_user
Hibernate: 
    alter table if exists job_offer_candidates 
       add constraint FKihfdckmnu5fxlwiuyq4k9qp5f 
       foreign key (job_offer_id) 
       references job_offer
Hibernate: 
    alter table if exists platform_user_applied_jobs 
       add constraint FK5ru5pws9fx030u4thxvuqtj8j 
       foreign key (applied_jobs_id) 
       references job_offer
Hibernate: 
    alter table if exists platform_user_applied_jobs 
       add constraint FKaw2sbbnpvu205dvwochfwvgia 
       foreign key (user_id) 
       references platform_user
Hibernate: 
    alter table if exists platform_user_created_jobs 
       add constraint FK7rpoxceenfkktwshn9cv6wdoq 
       foreign key (created_jobs_id) 
       references job_offer
Hibernate: 
    alter table if exists platform_user_created_jobs 
       add constraint FKf787jtde0tbfkwh2x65y1hr4b 
       foreign key (user_id) 
       references platform_user
2024-01-05T19:16:15.562+01:00  INFO 579057 --- [           main] j.LocalContainerEntityManagerFactoryBean : Initialized JPA EntityManagerFactory for persistence unit 'default'
2024-01-05T19:16:16.200+01:00  WARN 579057 --- [           main] JpaBaseConfiguration$JpaWebConfiguration : spring.jpa.open-in-view is enabled by default. Therefore, database queries may be performed during view rendering. Explicitly configure spring.jpa.open-in-view to disable this warning
2024-01-05T19:16:16.677+01:00  INFO 579057 --- [           main] c.r.TalentHunterApplicationTests         : Started TalentHunterApplicationTests in 4.926 seconds (process running for 6.147)
]]></system-out>
  </testcase>
</testsuite>